Excel parsing complete: 5 valid rows out of 5
Created version 1 for receipt REC001
Created version 1 for receipt REC002
Created version 1 for receipt REC003
Created version 1 for receipt REC004
Created version 1 for receipt REC005
Excel upload complete: 5 inserted, 0 updated, 0 failed
Excel parsing complete: 6 valid rows out of 6
Created version 1 for receipt RCPT1001
Created version 1 for receipt RCPT1002
Created version 1 for receipt RCPT1003
Created version 1 for receipt RCPT1004
Created version 1 for receipt RCPT1005
Created version 2 for receipt RCPT1003 with 7 field changes
Excel upload complete: 5 inserted, 1 updated, 0 failed
Generated professional PDF for receipt REC001
Generated professional PDF for receipt REC001
Generated professional PDF for receipt REC001
Generated professional PDF for receipt REC002
Generated professional PDF for receipt RCPT1005
Generated professional PDF for receipt RCPT1005
Generated professional PDF for receipt REC001
Generated professional PDF for receipt REC001
Excel parsing complete: 6 valid rows out of 6
Created version 3 for receipt RCPT1003 with 7 field changes
Created version 4 for receipt RCPT1003 with 7 field changes
Excel upload complete: 0 inserted, 2 updated, 0 failed
Excel parsing complete: 6 valid rows out of 6
Created version 5 for receipt RCPT1003 with 7 field changes
Created version 6 for receipt RCPT1003 with 7 field changes
Excel upload complete: 0 inserted, 2 updated, 0 failed
Excel parsing complete: 6 valid rows out of 6
Created version 7 for receipt RCPT1003 with 7 field changes
Created version 8 for receipt RCPT1003 with 7 field changes
Excel upload complete: 0 inserted, 2 updated, 0 failed
Generated professional PDF for receipt dd76b506
Generated professional PDF for receipt REC005
Generated share link for receipt RCPT1005
Generated share link for receipt RCPT1004
